<?xml version="1.0" encoding="UTF-8"?>
<testng-results ignored="0" total="3" passed="3" failed="0" skipped="0">
  <reporter-output>
  </reporter-output>
  <suite started-at="2021-10-01T17:15:17 IST" name="Default suite" finished-at="2021-10-01T17:15:21 IST" duration-ms="4758">
    <groups>
      <group name="cucumber">
        <method signature="AbstractTestNGCucumberTests.runScenario(io.cucumber.testng.PickleWrapper, io.cucumber.testng.FeatureWrapper)[pri:0, instance:runners.CRM_TaggedContact_Runner@2accdbb5]" name="runScenario" class="io.cucumber.testng.AbstractTestNGCucumberTests"/>
      </group> <!-- cucumber -->
    </groups>
    <test started-at="2021-10-01T17:15:17 IST" name="Default test" finished-at="2021-10-01T17:15:21 IST" duration-ms="4758">
      <class name="runners.CRM_TaggedContact_Runner">
        <test-method is-config="true" signature="setUpClass()[pri:0, instance:runners.CRM_TaggedContact_Runner@2accdbb5]" started-at="2021-10-01T17:15:17 IST" name="setUpClass" finished-at="2021-10-01T17:15:18 IST" duration-ms="1021" status="PASS">
          <reporter-output>
          </reporter-output>
        </test-method> <!-- setUpClass -->
        <test-method signature="runScenario(io.cucumber.testng.PickleWrapper, io.cucumber.testng.FeatureWrapper)[pri:0, instance:runners.CRM_TaggedContact_Runner@2accdbb5]" started-at="2021-10-01T17:15:18 IST" name="runScenario" description="Runs Cucumber Scenarios" data-provider="scenarios" finished-at="2021-10-01T17:15:18 IST" duration-ms="450" status="PASS">
          <params>
            <param index="0">
              <value>
                <![CDATA["Edit Contact"]]>
              </value>
            </param>
            <param index="1">
              <value>
                <![CDATA["Optional[CRM Contact Module]"]]>
              </value>
            </param>
          </params>
          <reporter-output>
          </reporter-output>
        </test-method> <!-- runScenario -->
        <test-method signature="runScenario(io.cucumber.testng.PickleWrapper, io.cucumber.testng.FeatureWrapper)[pri:0, instance:runners.CRM_TaggedContact_Runner@2accdbb5]" started-at="2021-10-01T17:15:18 IST" name="runScenario" description="Runs Cucumber Scenarios" data-provider="scenarios" finished-at="2021-10-01T17:15:18 IST" duration-ms="90" status="PASS">
          <params>
            <param index="0">
              <value>
                <![CDATA["View Contact"]]>
              </value>
            </param>
            <param index="1">
              <value>
                <![CDATA["Optional[CRM Contact Module]"]]>
              </value>
            </param>
          </params>
          <reporter-output>
          </reporter-output>
        </test-method> <!-- runScenario -->
        <test-method signature="runScenario(io.cucumber.testng.PickleWrapper, io.cucumber.testng.FeatureWrapper)[pri:0, instance:runners.CRM_TaggedContact_Runner@2accdbb5]" started-at="2021-10-01T17:15:18 IST" name="runScenario" description="Runs Cucumber Scenarios" data-provider="scenarios" finished-at="2021-10-01T17:15:18 IST" duration-ms="81" status="PASS">
          <params>
            <param index="0">
              <value>
                <![CDATA["User Logout"]]>
              </value>
            </param>
            <param index="1">
              <value>
                <![CDATA["Optional[CRM Contact Module]"]]>
              </value>
            </param>
          </params>
          <reporter-output>
          </reporter-output>
        </test-method> <!-- runScenario -->
        <test-method is-config="true" signature="tearDownClass()[pri:0, instance:runners.CRM_TaggedContact_Runner@2accdbb5]" started-at="2021-10-01T17:15:18 IST" name="tearDownClass" finished-at="2021-10-01T17:15:21 IST" duration-ms="3028" status="PASS">
          <reporter-output>
          </reporter-output>
        </test-method> <!-- tearDownClass -->
      </class> <!-- runners.CRM_TaggedContact_Runner -->
    </test> <!-- Default test -->
  </suite> <!-- Default suite -->
</testng-results>
